<?xml version="1.0" encoding="UTF-8"?>
<testng-results skipped="0" failed="0" ignored="0" total="1" passed="1">
  <reporter-output>
  </reporter-output>
  <suite name="Default suite" duration-ms="11607" started-at="2023-08-15T20:20:51 IST" finished-at="2023-08-15T20:21:02 IST">
    <groups>
    </groups>
    <test name="Default test" duration-ms="11607" started-at="2023-08-15T20:20:51 IST" finished-at="2023-08-15T20:21:02 IST">
      <class name="autoit.a1">
        <test-method status="PASS" signature="t1()[pri:0, instance:autoit.a1@528931cf]" name="t1" duration-ms="11570" started-at="2023-08-15T20:20:51 IST" finished-at="2023-08-15T20:21:02 IST">
          <reporter-output>
          </reporter-output>
        </test-method> <!-- t1 -->
      </class> <!-- autoit.a1 -->
    </test> <!-- Default test -->
  </suite> <!-- Default suite -->
</testng-results>
